TN:
SF:lib\citation-utils.js
FN:10,cnToNumber
FN:44,extractCitations
FN:64,transformPlain
FN:79,linkifyCitations
FNF:4
FNH:4
FNDA:34,cnToNumber
FNDA:13,extractCitations
FNDA:8,transformPlain
FNDA:8,linkifyCitations
DA:1,1
DA:2,1
DA:3,1
DA:4,1
DA:5,1
DA:6,1
DA:7,1
DA:8,1
DA:9,1
DA:10,34
DA:11,34
DA:12,32
DA:13,34
DA:14,4
DA:15,4
DA:16,4
DA:17,34
DA:18,26
DA:19,34
DA:20,34
DA:21,4
DA:22,4
DA:23,4
DA:24,21
DA:25,21
DA:26,21
DA:27,34
DA:28,36
DA:29,36
DA:30,36
DA:31,8
DA:32,8
DA:33,8
DA:34,36
DA:35,28
DA:36,28
DA:37,36
DA:38,21
DA:39,34
DA:40,34
DA:41,1
DA:42,1
DA:43,1
DA:44,13
DA:45,13
DA:46,11
DA:47,11
DA:48,11
DA:49,13
DA:50,15
DA:51,15
DA:52,12
DA:53,12
DA:54,12
DA:55,12
DA:56,12
DA:57,12
DA:58,12
DA:59,11
DA:60,13
DA:61,1
DA:62,1
DA:63,1
DA:64,8
DA:65,8
DA:66,7
DA:67,8
DA:68,5
DA:69,5
DA:70,8
DA:71,6
DA:72,6
DA:73,6
DA:74,6
DA:75,5
DA:76,5
DA:77,8
DA:78,1
DA:79,8
DA:80,8
DA:81,6
DA:82,6
DA:83,6
DA:84,6
DA:85,8
DA:86,2
DA:87,2
DA:88,2
DA:89,2
DA:90,6
DA:91,6
DA:92,8
DA:93,1
DA:94,1
DA:95,1
DA:96,1
DA:97,1
DA:98,1
LF:98
LH:98
BRDA:1,0,0,1
BRDA:10,1,0,34
BRDA:11,2,0,2
BRDA:12,3,0,32
BRDA:13,4,0,4
BRDA:15,5,0,0
BRDA:17,6,0,28
BRDA:17,7,0,2
BRDA:18,8,0,26
BRDA:19,9,0,1
BRDA:20,10,0,25
BRDA:20,11,0,4
BRDA:20,12,0,4
BRDA:22,13,0,0
BRDA:24,14,0,21
BRDA:27,15,0,36
BRDA:29,16,0,0
BRDA:30,17,0,29
BRDA:30,18,0,28
BRDA:30,19,0,8
BRDA:31,20,0,0
BRDA:34,21,0,28
BRDA:38,22,0,21
BRDA:39,23,0,20
BRDA:39,24,0,20
BRDA:39,25,0,1
BRDA:44,26,0,13
BRDA:45,27,0,2
BRDA:46,28,0,11
BRDA:49,29,0,15
BRDA:51,30,0,14
BRDA:51,31,0,14
BRDA:51,32,0,3
BRDA:52,33,0,12
BRDA:59,34,0,11
BRDA:64,35,0,8
BRDA:65,36,0,1
BRDA:66,37,0,7
BRDA:67,38,0,2
BRDA:68,39,0,5
BRDA:70,40,0,6
BRDA:75,41,0,5
BRDA:79,42,0,8
BRDA:80,43,0,2
BRDA:81,44,0,6
BRDA:85,45,0,2
BRDA:90,46,0,6
BRF:47
BRH:43
end_of_record
TN:
SF:lib\env-validator.js
FN:25,validateEnv
FNF:1
FNH:1
FNDA:4,validateEnv
DA:1,1
DA:2,1
DA:3,1
DA:4,1
DA:5,1
DA:6,1
DA:7,1
DA:8,1
DA:9,1
DA:10,1
DA:11,1
DA:12,1
DA:13,1
DA:14,1
DA:15,1
DA:16,1
DA:17,1
DA:18,1
DA:19,1
DA:20,1
DA:21,1
DA:22,1
DA:23,1
DA:24,1
DA:25,4
DA:26,4
DA:27,4
DA:28,4
DA:29,4
DA:30,32
DA:31,32
DA:32,8
DA:33,8
DA:34,8
DA:35,32
DA:36,3
DA:37,3
DA:38,32
DA:39,4
DA:40,4
DA:41,1
DA:42,1
DA:43,4
DA:44,4
DA:45,4
DA:46,1
DA:47,1
DA:48,1
DA:49,1
DA:50,1
DA:51,1
LF:51
LH:51
BRDA:1,0,0,1
BRDA:25,1,0,4
BRDA:29,2,0,32
BRDA:30,3,0,13
BRDA:31,4,0,8
BRDA:35,5,0,24
BRDA:35,6,0,8
BRDA:35,7,0,3
BRDA:40,8,0,1
BRDA:40,9,0,1
BRF:10
BRH:10
end_of_record
TN:
SF:lib\runtime-utils.js
FN:5,parsePositiveInt
FN:10,hashIdentifier
FN:14,buildLoginKey
FN:18,touchMemoryRateLimitBucket
FN:29,estimateAiCost
FN:34,shouldSendAlert
FNF:6
FNH:6
FNDA:5,parsePositiveInt
FNDA:3,hashIdentifier
FNDA:1,buildLoginKey
FNDA:3,touchMemoryRateLimitBucket
FNDA:3,estimateAiCost
FNDA:3,shouldSendAlert
DA:1,1
DA:2,1
DA:3,1
DA:4,1
DA:5,5
DA:6,5
DA:7,5
DA:8,5
DA:9,1
DA:10,3
DA:11,3
DA:12,3
DA:13,1
DA:14,1
DA:15,1
DA:16,1
DA:17,1
DA:18,3
DA:19,3
DA:20,3
DA:21,2
DA:22,2
DA:23,2
DA:24,2
DA:25,1
DA:26,1
DA:27,3
DA:28,1
DA:29,3
DA:30,3
DA:31,1
DA:32,3
DA:33,1
DA:34,3
DA:35,3
DA:36,3
DA:37,1
DA:38,1
DA:39,1
DA:40,1
DA:41,1
DA:42,1
DA:43,1
DA:44,1
DA:45,1
DA:46,1
LF:46
LH:46
BRDA:1,0,0,1
BRDA:5,1,0,5
BRDA:7,2,0,3
BRDA:7,3,0,1
BRDA:7,4,0,4
BRDA:10,5,0,3
BRDA:11,6,0,0
BRDA:14,7,0,1
BRDA:18,8,0,3
BRDA:20,9,0,2
BRDA:20,10,0,2
BRDA:25,11,0,1
BRDA:29,12,0,3
BRDA:30,13,0,2
BRDA:30,14,0,2
BRDA:31,15,0,1
BRDA:34,16,0,3
BRDA:35,17,0,0
BRDA:35,18,0,0
BRF:19
BRH:16
end_of_record
TN:
SF:lib\sse-utils.js
FN:15,splitSSEBuffer
FN:34,parseSSEEvent
FN:64,extractDeltaAndUsage
FN:79,chunkTextForMock
FN:93,formatSSEData
FNF:5
FNH:5
FNDA:7,splitSSEBuffer
FNDA:14,parseSSEEvent
FNDA:9,extractDeltaAndUsage
FNDA:4,chunkTextForMock
FNDA:1,formatSSEData
DA:1,1
DA:2,1
DA:3,1
DA:4,1
DA:5,1
DA:6,1
DA:7,1
DA:8,1
DA:9,1
DA:10,1
DA:11,1
DA:12,1
DA:13,1
DA:14,1
DA:15,7
DA:16,7
DA:17,7
DA:18,7
DA:19,7
DA:20,7
DA:21,7
DA:22,7
DA:23,7
DA:24,1
DA:25,1
DA:26,1
DA:27,1
DA:28,1
DA:29,1
DA:30,1
DA:31,1
DA:32,1
DA:33,1
DA:34,14
DA:35,14
DA:36,2
DA:37,2
DA:38,12
DA:39,12
DA:40,12
DA:41,14
DA:42,13
DA:43,10
DA:44,10
DA:45,10
DA:46,10
DA:47,13
DA:48,14
DA:49,14
DA:50,9
DA:51,14
DA:52,7
DA:53,7
DA:54,14
DA:55,1
DA:56,1
DA:57,14
DA:58,1
DA:59,1
DA:60,1
DA:61,1
DA:62,1
DA:63,1
DA:64,9
DA:65,9
DA:66,1
DA:67,1
DA:68,9
DA:69,9
DA:70,9
DA:71,9
DA:72,9
DA:73,9
DA:74,1
DA:75,1
DA:76,1
DA:77,1
DA:78,1
DA:79,4
DA:80,4
DA:81,2
DA:82,2
DA:83,4
DA:84,5
DA:85,5
DA:86,2
DA:87,4
DA:88,1
DA:89,1
DA:90,1
DA:91,1
DA:92,1
DA:93,1
DA:94,1
DA:95,1
DA:96,1
DA:97,1
DA:98,1
DA:99,1
DA:100,1
DA:101,1
DA:102,1
DA:103,1
DA:104,1
DA:105,1
DA:106,1
DA:107,1
DA:108,1
LF:108
LH:108
BRDA:1,0,0,1
BRDA:15,1,0,7
BRDA:16,2,0,4
BRDA:16,3,0,1
BRDA:21,4,0,3
BRDA:20,5,0,9
BRDA:34,6,0,14
BRDA:35,7,0,12
BRDA:35,8,0,2
BRDA:38,9,0,12
BRDA:41,10,0,13
BRDA:42,11,0,3
BRDA:43,12,0,10
BRDA:48,13,0,12
BRDA:48,14,0,3
BRDA:49,15,0,9
BRDA:49,16,0,0
BRDA:50,17,0,9
BRDA:51,18,0,2
BRDA:52,19,0,7
BRDA:54,20,0,1
BRDA:64,21,0,9
BRDA:65,22,0,8
BRDA:65,23,0,1
BRDA:68,24,0,8
BRDA:68,25,0,7
BRDA:68,26,0,1
BRDA:69,27,0,6
BRDA:69,28,0,4
BRDA:70,29,0,6
BRDA:70,30,0,6
BRDA:71,31,0,6
BRDA:79,32,0,4
BRDA:80,33,0,2
BRDA:83,34,0,5
BRDA:86,35,0,2
BRDA:93,36,0,1
BRF:37
BRH:36
end_of_record
